<?xml version="1.0" encoding="UTF-8"?>
<testng-results skipped="0" failed="0" total="1" passed="1">
  <reporter-output>
  </reporter-output>
  <suite name="Command line suite" duration-ms="36" started-at="2013-12-26T17:51:33Z" finished-at="2013-12-26T17:51:33Z">
    <groups>
    </groups>
    <test name="Command line test" duration-ms="36" started-at="2013-12-26T17:51:33Z" finished-at="2013-12-26T17:51:33Z">
      <class name="com.glassbeam.app.AppTest">
        <test-method status="PASS" signature="testApp()[pri:0, instance:testApp(com.glassbeam.app.AppTest)]" name="testApp" duration-ms="1" started-at="2013-12-26T23:21:33Z" finished-at="2013-12-26T23:21:33Z">
          <reporter-output>
          </reporter-output>
        </test-method> <!-- testApp -->
      </class> <!-- com.glassbeam.app.AppTest -->
    </test> <!-- Command line test -->
  </suite> <!-- Command line suite -->
</testng-results>
