<?xml version="1.0" encoding="UTF-8"?>
<testng-results skipped="0" failed="0" total="1" passed="1">
  <reporter-output>
  </reporter-output>
  <suite name="TestNGSimpleTest" duration-ms="28" started-at="2013-12-25T20:22:16Z" finished-at="2013-12-25T20:22:16Z">
    <groups>
    </groups>
    <test name="Command line test" duration-ms="28" started-at="2013-12-25T20:22:16Z" finished-at="2013-12-25T20:22:16Z">
      <class name="TestNGSimpleTest">
        <test-method status="PASS" signature="testAdd()[pri:0, instance:TestNGSimpleTest@395e7bc4]" name="testAdd" duration-ms="12" started-at="2013-12-26T01:52:16Z" finished-at="2013-12-26T01:52:16Z">
          <reporter-output>
          </reporter-output>
        </test-method> <!-- testAdd -->
      </class> <!-- TestNGSimpleTest -->
    </test> <!-- Command line test -->
  </suite> <!-- TestNGSimpleTest -->
</testng-results>
